#
# There is insufficient memory for the Java Runtime Environment to continue.
# Native memory allocation (mmap) failed to map 65536 bytes for Failed to commit metaspace.
# Possible reasons:
#   The system is out of physical RAM or swap space
#   The process is running with CompressedOops enabled, and the Java Heap may be blocking the growth of the native heap
# Possible solutions:
#   Reduce memory load on the system
#   Increase physical memory or swap space
#   Check if swap backing store is full
#   Decrease Java heap size (-Xmx/-Xms)
#   Decrease number of Java threads
#   Decrease Java thread stack sizes (-Xss)
#   Set larger code cache with -XX:ReservedCodeCacheSize=
#   JVM is running with Zero Based Compressed Oops mode in which the Java heap is
#     placed in the first 32GB address space. The Java Heap base address is the
#     maximum limit for the native heap growth. Please use -XX:HeapBaseMinAddress
#     to set the Java Heap base and to place the Java Heap above 32GB virtual address.
# This output file may be truncated or incomplete.
#
#  Out of Memory Error (virtualSpaceNode.cpp:110), pid=37012, tid=39480
#
# JRE version: OpenJDK Runtime Environment (17.0.7) (build 17.0.7+0-b2043.56-10550314)
# Java VM: OpenJDK 64-Bit Server VM (17.0.7+0-b2043.56-10550314, mixed mode, tiered, compressed oops, compressed class ptrs, g1 gc, windows-amd64)
# No core dump will be written. Minidumps are not enabled by default on client versions of Windows
#

---------------  S U M M A R Y ------------

Command Line: org.jetbrains.kotlin.cli.jvm.K2JVMCompiler @D:\Devz\unwired-android\app\build\20240513_2444155645636740617.compiler.options

Host: AMD Ryzen 7 7840HS w/ Radeon 780M Graphics     , 16 cores, 31G,  Windows 11 , 64 bit Build 22621 (10.0.22621.2506)
Time: Mon May 13 00:00:13 2024 Romance Summer Time elapsed time: 0.134559 seconds (0d 0h 0m 0s)

---------------  T H R E A D  ---------------

Current thread (0x00000203a40eab90):  JavaThread "C1 CompilerThread0" daemon [_thread_in_vm, id=39480, stack(0x000000d9b1c00000,0x000000d9b1d00000)]


Current CompileTask:
C1:    134  332   !   3       java.util.jar.JarFile::getManifestFromReference (197 bytes)

Stack: [0x000000d9b1c00000,0x000000d9b1d00000]
Native frames: (J=compiled Java code, j=interpreted, Vv=VM code, C=native code)
V  [jvm.dll+0x683bfa]
V  [jvm.dll+0x8430a4]
V  [jvm.dll+0x8449be]
V  [jvm.dll+0x845023]
V  [jvm.dll+0x24ad2f]
V  [jvm.dll+0x83e45b]
V  [jvm.dll+0x6281e6]
V  [jvm.dll+0x62824a]
V  [jvm.dll+0x62aa6a]
V  [jvm.dll+0x628b86]
V  [jvm.dll+0x639e5a]
V  [jvm.dll+0x632c8a]
V  [jvm.dll+0x1ceb70]
V  [jvm.dll+0x1ced60]
V  [jvm.dll+0x148c51]
V  [jvm.dll+0x148a95]
V  [jvm.dll+0x1402de]
V  [jvm.dll+0x142895]
V  [jvm.dll+0x140b74]
V  [jvm.dll+0x13aaef]
V  [jvm.dll+0x14a6f6]
V  [jvm.dll+0x1361e0]
V  [jvm.dll+0x136540]
V  [jvm.dll+0x136806]
V  [jvm.dll+0x135c9a]
V  [jvm.dll+0x137961]
V  [jvm.dll+0x22c148]
V  [jvm.dll+0x22a209]
V  [jvm.dll+0x7f858c]
V  [jvm.dll+0x7f2aea]
V  [jvm.dll+0x682a35]
C  [ucrtbase.dll+0x29363]
C  [KERNEL32.DLL+0x1257d]
C  [ntdll.dll+0x5aa58]


---------------  P R O C E S S  ---------------

Threads class SMR info:
_java_thread_list=0x00000203a43a86f0, length=15, elements={
0x00000203fb9180f0, 0x00000203ffc5b200, 0x00000203ffc5bdb0, 0x00000203a40a9630,
0x00000203a40aa1e0, 0x00000203a40e5410, 0x00000203a40e81d0, 0x00000203a40e96d0,
0x00000203a40eab90, 0x00000203a40fd400, 0x00000203a414d580, 0x00000203a42bf510,
0x00000203a42d5020, 0x00000203a42f4310, 0x00000203a471fef0
}

Java Threads: ( => current thread )
  0x00000203fb9180f0 JavaThread "main" [_thread_in_vm, id=38624, stack(0x000000d9b0e00000,0x000000d9b0f00000)]
  0x00000203ffc5b200 JavaThread "Reference Handler" daemon [_thread_blocked, id=37080, stack(0x000000d9b1500000,0x000000d9b1600000)]
  0x00000203ffc5bdb0 JavaThread "Finalizer" daemon [_thread_blocked, id=47268, stack(0x000000d9b1600000,0x000000d9b1700000)]
  0x00000203a40a9630 JavaThread "Signal Dispatcher" daemon [_thread_blocked, id=42564, stack(0x000000d9b1700000,0x000000d9b1800000)]
  0x00000203a40aa1e0 JavaThread "Attach Listener" daemon [_thread_blocked, id=37600, stack(0x000000d9b1800000,0x000000d9b1900000)]
  0x00000203a40e5410 JavaThread "Service Thread" daemon [_thread_blocked, id=13876, stack(0x000000d9b1900000,0x000000d9b1a00000)]
  0x00000203a40e81d0 JavaThread "Monitor Deflation Thread" daemon [_thread_blocked, id=46136, stack(0x000000d9b1a00000,0x000000d9b1b00000)]
  0x00000203a40e96d0 JavaThread "C2 CompilerThread0" daemon [_thread_blocked, id=21884, stack(0x000000d9b1b00000,0x000000d9b1c00000)]
=>0x00000203a40eab90 JavaThread "C1 CompilerThread0" daemon [_thread_in_vm, id=39480, stack(0x000000d9b1c00000,0x000000d9b1d00000)]
  0x00000203a40fd400 JavaThread "Sweeper thread" daemon [_thread_blocked, id=46252, stack(0x000000d9b1d00000,0x000000d9b1e00000)]
  0x00000203a414d580 JavaThread "C1 CompilerThread1" daemon [_thread_blocked, id=43132, stack(0x000000d9b1e00000,0x000000d9b1f00000)]
  0x00000203a42bf510 JavaThread "Notification Thread" daemon [_thread_blocked, id=47224, stack(0x000000d9b1f00000,0x000000d9b2000000)]
  0x00000203a42d5020 JavaThread "Common-Cleaner" daemon [_thread_blocked, id=46480, stack(0x000000d9b2100000,0x000000d9b2200000)]
  0x00000203a42f4310 JavaThread "C2 CompilerThread1" daemon [_thread_blocked, id=31892, stack(0x000000d9b2200000,0x000000d9b2300000)]
  0x00000203a471fef0 JavaThread "C1 CompilerThread2" daemon [_thread_blocked, id=46784, stack(0x000000d9b2300000,0x000000d9b2400000)]

Other Threads:
  0x00000203ffc58c10 VMThread "VM Thread" [stack: 0x000000d9b1400000,0x000000d9b1500000] [id=34376]
  0x00000203ffa8be90 WatcherThread [stack: 0x000000d9b2000000,0x000000d9b2100000] [id=46684]
  0x00000203fb9c36b0 GCTaskThread "GC Thread#0" [stack: 0x000000d9b0f00000,0x000000d9b1000000] [id=46128]
  0x00000203fb9d3f80 ConcurrentGCThread "G1 Main Marker" [stack: 0x000000d9b1000000,0x000000d9b1100000] [id=46412]
  0x00000203fb9d5130 ConcurrentGCThread "G1 Conc#0" [stack: 0x000000d9b1100000,0x000000d9b1200000] [id=14868]
  0x00000203ffb486b0 ConcurrentGCThread "G1 Refine#0" [stack: 0x000000d9b1200000,0x000000d9b1300000] [id=45920]
  0x00000203ffb490d0 ConcurrentGCThread "G1 Service" [stack: 0x000000d9b1300000,0x000000d9b1400000] [id=35540]

Threads with active compile tasks:
C1 CompilerThread0      141  332   !   3       java.util.jar.JarFile::getManifestFromReference (197 bytes)

VM state: not at safepoint (normal execution)

VM Mutex/Monitor currently owned by a thread:  ([mutex/lock_event])
[0x00000203f974c0b0] Metaspace_lock - owner thread: 0x00000203a40eab90
[0x00000203fb912a20] MethodData_lock - owner thread: 0x00000203a40eab90

Heap address: 0x000000060cc00000, size: 7988 MB, Compressed Oops mode: Zero based, Oop shift amount: 3

CDS archive(s) not mapped
Compressed class space mapped at: 0x0000000800000000-0x0000000840000000, reserved size: 1073741824
Narrow klass base: 0x0000000800000000, Narrow klass shift: 0, Narrow klass range: 0x40000000

GC Precious Log:
 CPUs: 16 total, 16 available
 Memory: 31940M
 Large Page Support: Disabled
 NUMA Support: Disabled
 Compressed Oops: Enabled (Zero based)
 Heap Region Size: 4M
 Heap Min Capacity: 8M
 Heap Initial Capacity: 500M
 Heap Max Capacity: 7988M
 Pre-touch: Disabled
 Parallel Workers: 13
 Concurrent Workers: 3
 Concurrent Refinement Workers: 13
 Periodic GC: Disabled

Heap:
 garbage-first heap   total 512000K, used 12288K [0x000000060cc00000, 0x0000000800000000)
  region size 4096K, 3 young (12288K), 0 survivors (0K)
 Metaspace       used 8773K, committed 8896K, reserved 1114112K
  class space    used 689K, committed 768K, reserved 1048576K

Heap Regions: E=young(eden), S=young(survivor), O=old, HS=humongous(starts), HC=humongous(continues), CS=collection set, F=free, OA=open archive, CA=closed archive, TAMS=top-at-mark-start (previous, next)
|   0|0x000000060cc00000, 0x000000060d000000, 0x000000060d000000|100%|HS|  |TAMS 0x000000060cc00000, 0x000000060cc00000| Complete 
|   1|0x000000060d000000, 0x000000060d000000, 0x000000060d400000|  0%| F|  |TAMS 0x000000060d000000, 0x000000060d000000| Untracked 
|   2|0x000000060d400000, 0x000000060d400000, 0x000000060d800000|  0%| F|  |TAMS 0x000000060d400000, 0x000000060d400000| Untracked 
|   3|0x000000060d800000, 0x000000060d800000, 0x000000060dc00000|  0%| F|  |TAMS 0x000000060d800000, 0x000000060d800000| Untracked 
|   4|0x000000060dc00000, 0x000000060dc00000, 0x000000060e000000|  0%| F|  |TAMS 0x000000060dc00000, 0x000000060dc00000| Untracked 
|   5|0x000000060e000000, 0x000000060e000000, 0x000000060e400000|  0%| F|  |TAMS 0x000000060e000000, 0x000000060e000000| Untracked 
|   6|0x000000060e400000, 0x000000060e400000, 0x000000060e800000|  0%| F|  |TAMS 0x000000060e400000, 0x000000060e400000| Untracked 
|   7|0x000000060e800000, 0x000000060e800000, 0x000000060ec00000|  0%| F|  |TAMS 0x000000060e800000, 0x000000060e800000| Untracked 
|   8|0x000000060ec00000, 0x000000060ec00000, 0x000000060f000000|  0%| F|  |TAMS 0x000000060ec00000, 0x000000060ec00000| Untracked 
|   9|0x000000060f000000, 0x000000060f000000, 0x000000060f400000|  0%| F|  |TAMS 0x000000060f000000, 0x000000060f000000| Untracked 
|  10|0x000000060f400000, 0x000000060f400000, 0x000000060f800000|  0%| F|  |TAMS 0x000000060f400000, 0x000000060f400000| Untracked 
|  11|0x000000060f800000, 0x000000060f800000, 0x000000060fc00000|  0%| F|  |TAMS 0x000000060f800000, 0x000000060f800000| Untracked 
|  12|0x000000060fc00000, 0x000000060fc00000, 0x0000000610000000|  0%| F|  |TAMS 0x000000060fc00000, 0x000000060fc00000| Untracked 
|  13|0x0000000610000000, 0x0000000610000000, 0x0000000610400000|  0%| F|  |TAMS 0x0000000610000000, 0x0000000610000000| Untracked 
|  14|0x0000000610400000, 0x0000000610400000, 0x0000000610800000|  0%| F|  |TAMS 0x0000000610400000, 0x0000000610400000| Untracked 
|  15|0x0000000610800000, 0x0000000610800000, 0x0000000610c00000|  0%| F|  |TAMS 0x0000000610800000, 0x0000000610800000| Untracked 
|  16|0x0000000610c00000, 0x0000000610c00000, 0x0000000611000000|  0%| F|  |TAMS 0x0000000610c00000, 0x0000000610c00000| Untracked 
|  17|0x0000000611000000, 0x0000000611000000, 0x0000000611400000|  0%| F|  |TAMS 0x0000000611000000, 0x0000000611000000| Untracked 
|  18|0x0000000611400000, 0x0000000611400000, 0x0000000611800000|  0%| F|  |TAMS 0x0000000611400000, 0x0000000611400000| Untracked 
|  19|0x0000000611800000, 0x0000000611800000, 0x0000000611c00000|  0%| F|  |TAMS 0x0000000611800000, 0x0000000611800000| Untracked 
|  20|0x0000000611c00000, 0x0000000611c00000, 0x0000000612000000|  0%| F|  |TAMS 0x0000000611c00000, 0x0000000611c00000| Untracked 
|  21|0x0000000612000000, 0x0000000612000000, 0x0000000612400000|  0%| F|  |TAMS 0x0000000612000000, 0x0000000612000000| Untracked 
|  22|0x0000000612400000, 0x0000000612400000, 0x0000000612800000|  0%| F|  |TAMS 0x0000000612400000, 0x0000000612400000| Untracked 
|  23|0x0000000612800000, 0x0000000612800000, 0x0000000612c00000|  0%| F|  |TAMS 0x0000000612800000, 0x0000000612800000| Untracked 
|  24|0x0000000612c00000, 0x0000000612c00000, 0x0000000613000000|  0%| F|  |TAMS 0x0000000612c00000, 0x0000000612c00000| Untracked 
|  25|0x0000000613000000, 0x0000000613000000, 0x0000000613400000|  0%| F|  |TAMS 0x0000000613000000, 0x0000000613000000| Untracked 
|  26|0x0000000613400000, 0x0000000613400000, 0x0000000613800000|  0%| F|  |TAMS 0x0000000613400000, 0x0000000613400000| Untracked 
|  27|0x0000000613800000, 0x0000000613800000, 0x0000000613c00000|  0%| F|  |TAMS 0x0000000613800000, 0x0000000613800000| Untracked 
|  28|0x0000000613c00000, 0x0000000613c00000, 0x0000000614000000|  0%| F|  |TAMS 0x0000000613c00000, 0x0000000613c00000| Untracked 
|  29|0x0000000614000000, 0x0000000614000000, 0x0000000614400000|  0%| F|  |TAMS 0x0000000614000000, 0x0000000614000000| Untracked 
|  30|0x0000000614400000, 0x0000000614400000, 0x0000000614800000|  0%| F|  |TAMS 0x0000000614400000, 0x0000000614400000| Untracked 
|  31|0x0000000614800000, 0x0000000614800000, 0x0000000614c00000|  0%| F|  |TAMS 0x0000000614800000, 0x0000000614800000| Untracked 
|  32|0x0000000614c00000, 0x0000000614c00000, 0x0000000615000000|  0%| F|  |TAMS 0x0000000614c00000, 0x0000000614c00000| Untracked 
|  33|0x0000000615000000, 0x0000000615000000, 0x0000000615400000|  0%| F|  |TAMS 0x0000000615000000, 0x0000000615000000| Untracked 
|  34|0x0000000615400000, 0x0000000615400000, 0x0000000615800000|  0%| F|  |TAMS 0x0000000615400000, 0x0000000615400000| Untracked 
|  35|0x0000000615800000, 0x0000000615800000, 0x0000000615c00000|  0%| F|  |TAMS 0x0000000615800000, 0x0000000615800000| Untracked 
|  36|0x0000000615c00000, 0x0000000615c00000, 0x0000000616000000|  0%| F|  |TAMS 0x0000000615c00000, 0x0000000615c00000| Untracked 
|  37|0x0000000616000000, 0x0000000616000000, 0x0000000616400000|  0%| F|  |TAMS 0x0000000616000000, 0x0000000616000000| Untracked 
|  38|0x0000000616400000, 0x0000000616400000, 0x0000000616800000|  0%| F|  |TAMS 0x0000000616400000, 0x0000000616400000| Untracked 
|  39|0x0000000616800000, 0x0000000616800000, 0x0000000616c00000|  0%| F|  |TAMS 0x0000000616800000, 0x0000000616800000| Untracked 
|  40|0x0000000616c00000, 0x0000000616c00000, 0x0000000617000000|  0%| F|  |TAMS 0x0000000616c00000, 0x0000000616c00000| Untracked 
|  41|0x0000000617000000, 0x0000000617000000, 0x0000000617400000|  0%| F|  |TAMS 0x0000000617000000, 0x0000000617000000| Untracked 
|  42|0x0000000617400000, 0x0000000617400000, 0x0000000617800000|  0%| F|  |TAMS 0x0000000617400000, 0x0000000617400000| Untracked 
|  43|0x0000000617800000, 0x0000000617800000, 0x0000000617c00000|  0%| F|  |TAMS 0x0000000617800000, 0x0000000617800000| Untracked 
|  44|0x0000000617c00000, 0x0000000617c00000, 0x0000000618000000|  0%| F|  |TAMS 0x0000000617c00000, 0x0000000617c00000| Untracked 
|  45|0x0000000618000000, 0x0000000618000000, 0x0000000618400000|  0%| F|  |TAMS 0x0000000618000000, 0x0000000618000000| Untracked 
|  46|0x0000000618400000, 0x0000000618400000, 0x0000000618800000|  0%| F|  |TAMS 0x0000000618400000, 0x0000000618400000| Untracked 
|  47|0x0000000618800000, 0x0000000618800000, 0x0000000618c00000|  0%| F|  |TAMS 0x0000000618800000, 0x0000000618800000| Untracked 
|  48|0x0000000618c00000, 0x0000000618c00000, 0x0000000619000000|  0%| F|  |TAMS 0x0000000618c00000, 0x0000000618c00000| Untracked 
|  49|0x0000000619000000, 0x0000000619000000, 0x0000000619400000|  0%| F|  |TAMS 0x0000000619000000, 0x0000000619000000| Untracked 
|  50|0x0000000619400000, 0x0000000619400000, 0x0000000619800000|  0%| F|  |TAMS 0x0000000619400000, 0x0000000619400000| Untracked 
|  51|0x0000000619800000, 0x0000000619800000, 0x0000000619c00000|  0%| F|  |TAMS 0x0000000619800000, 0x0000000619800000| Untracked 
|  52|0x0000000619c00000, 0x0000000619c00000, 0x000000061a000000|  0%| F|  |TAMS 0x0000000619c00000, 0x0000000619c00000| Untracked 
|  53|0x000000061a000000, 0x000000061a000000, 0x000000061a400000|  0%| F|  |TAMS 0x000000061a000000, 0x000000061a000000| Untracked 
|  54|0x000000061a400000, 0x000000061a400000, 0x000000061a800000|  0%| F|  |TAMS 0x000000061a400000, 0x000000061a400000| Untracked 
|  55|0x000000061a800000, 0x000000061a800000, 0x000000061ac00000|  0%| F|  |TAMS 0x000000061a800000, 0x000000061a800000| Untracked 
|  56|0x000000061ac00000, 0x000000061ac00000, 0x000000061b000000|  0%| F|  |TAMS 0x000000061ac00000, 0x000000061ac00000| Untracked 
|  57|0x000000061b000000, 0x000000061b000000, 0x000000061b400000|  0%| F|  |TAMS 0x000000061b000000, 0x000000061b000000| Untracked 
|  58|0x000000061b400000, 0x000000061b400000, 0x000000061b800000|  0%| F|  |TAMS 0x000000061b400000, 0x000000061b400000| Untracked 
|  59|0x000000061b800000, 0x000000061b800000, 0x000000061bc00000|  0%| F|  |TAMS 0x000000061b800000, 0x000000061b800000| Untracked 
|  60|0x000000061bc00000, 0x000000061bc00000, 0x000000061c000000|  0%| F|  |TAMS 0x000000061bc00000, 0x000000061bc00000| Untracked 
|  61|0x000000061c000000, 0x000000061c000000, 0x000000061c400000|  0%| F|  |TAMS 0x000000061c000000, 0x000000061c000000| Untracked 
|  62|0x000000061c400000, 0x000000061c400000, 0x000000061c800000|  0%| F|  |TAMS 0x000000061c400000, 0x000000061c400000| Untracked 
|  63|0x000000061c800000, 0x000000061c800000, 0x000000061cc00000|  0%| F|  |TAMS 0x000000061c800000, 0x000000061c800000| Untracked 
|  64|0x000000061cc00000, 0x000000061cc00000, 0x000000061d000000|  0%| F|  |TAMS 0x000000061cc00000, 0x000000061cc00000| Untracked 
|  65|0x000000061d000000, 0x000000061d000000, 0x000000061d400000|  0%| F|  |TAMS 0x000000061d000000, 0x000000061d000000| Untracked 
|  66|0x000000061d400000, 0x000000061d400000, 0x000000061d800000|  0%| F|  |TAMS 0x000000061d400000, 0x000000061d400000| Untracked 
|  67|0x000000061d800000, 0x000000061d800000, 0x000000061dc00000|  0%| F|  |TAMS 0x000000061d800000, 0x000000061d800000| Untracked 
|  68|0x000000061dc00000, 0x000000061dc00000, 0x000000061e000000|  0%| F|  |TAMS 0x000000061dc00000, 0x000000061dc00000| Untracked 
|  69|0x000000061e000000, 0x000000061e000000, 0x000000061e400000|  0%| F|  |TAMS 0x000000061e000000, 0x000000061e000000| Untracked 
|  70|0x000000061e400000, 0x000000061e400000, 0x000000061e800000|  0%| F|  |TAMS 0x000000061e400000, 0x000000061e400000| Untracked 
|  71|0x000000061e800000, 0x000000061e800000, 0x000000061ec00000|  0%| F|  |TAMS 0x000000061e800000, 0x000000061e800000| Untracked 
|  72|0x000000061ec00000, 0x000000061ec00000, 0x000000061f000000|  0%| F|  |TAMS 0x000000061ec00000, 0x000000061ec00000| Untracked 
|  73|0x000000061f000000, 0x000000061f000000, 0x000000061f400000|  0%| F|  |TAMS 0x000000061f000000, 0x000000061f000000| Untracked 
|  74|0x000000061f400000, 0x000000061f400000, 0x000000061f800000|  0%| F|  |TAMS 0x000000061f400000, 0x000000061f400000| Untracked 
|  75|0x000000061f800000, 0x000000061f800000, 0x000000061fc00000|  0%| F|  |TAMS 0x000000061f800000, 0x000000061f800000| Untracked 
|  76|0x000000061fc00000, 0x000000061fc00000, 0x0000000620000000|  0%| F|  |TAMS 0x000000061fc00000, 0x000000061fc00000| Untracked 
|  77|0x0000000620000000, 0x0000000620000000, 0x0000000620400000|  0%| F|  |TAMS 0x0000000620000000, 0x0000000620000000| Untracked 
|  78|0x0000000620400000, 0x0000000620400000, 0x0000000620800000|  0%| F|  |TAMS 0x0000000620400000, 0x0000000620400000| Untracked 
|  79|0x0000000620800000, 0x0000000620800000, 0x0000000620c00000|  0%| F|  |TAMS 0x0000000620800000, 0x0000000620800000| Untracked 
|  80|0x0000000620c00000, 0x0000000620c00000, 0x0000000621000000|  0%| F|  |TAMS 0x0000000620c00000, 0x0000000620c00000| Untracked 
|  81|0x0000000621000000, 0x0000000621000000, 0x0000000621400000|  0%| F|  |TAMS 0x0000000621000000, 0x0000000621000000| Untracked 
|  82|0x0000000621400000, 0x0000000621400000, 0x0000000621800000|  0%| F|  |TAMS 0x0000000621400000, 0x0000000621400000| Untracked 
|  83|0x0000000621800000, 0x0000000621800000, 0x0000000621c00000|  0%| F|  |TAMS 0x0000000621800000, 0x0000000621800000| Untracked 
|  84|0x0000000621c00000, 0x0000000621c00000, 0x0000000622000000|  0%| F|  |TAMS 0x0000000621c00000, 0x0000000621c00000| Untracked 
|  85|0x0000000622000000, 0x0000000622000000, 0x0000000622400000|  0%| F|  |TAMS 0x0000000622000000, 0x0000000622000000| Untracked 
|  86|0x0000000622400000, 0x0000000622400000, 0x0000000622800000|  0%| F|  |TAMS 0x0000000622400000, 0x0000000622400000| Untracked 
|  87|0x0000000622800000, 0x0000000622800000, 0x0000000622c00000|  0%| F|  |TAMS 0x0000000622800000, 0x0000000622800000| Untracked 
|  88|0x0000000622c00000, 0x0000000622c00000, 0x0000000623000000|  0%| F|  |TAMS 0x0000000622c00000, 0x0000000622c00000| Untracked 
|  89|0x0000000623000000, 0x0000000623000000, 0x0000000623400000|  0%| F|  |TAMS 0x0000000623000000, 0x0000000623000000| Untracked 
|  90|0x0000000623400000, 0x0000000623400000, 0x0000000623800000|  0%| F|  |TAMS 0x0000000623400000, 0x0000000623400000| Untracked 
|  91|0x0000000623800000, 0x0000000623800000, 0x0000000623c00000|  0%| F|  |TAMS 0x0000000623800000, 0x0000000623800000| Untracked 
|  92|0x0000000623c00000, 0x0000000623c00000, 0x0000000624000000|  0%| F|  |TAMS 0x0000000623c00000, 0x0000000623c00000| Untracked 
|  93|0x0000000624000000, 0x0000000624000000, 0x0000000624400000|  0%| F|  |TAMS 0x0000000624000000, 0x0000000624000000| Untracked 
|  94|0x0000000624400000, 0x0000000624400000, 0x0000000624800000|  0%| F|  |TAMS 0x0000000624400000, 0x0000000624400000| Untracked 
|  95|0x0000000624800000, 0x0000000624800000, 0x0000000624c00000|  0%| F|  |TAMS 0x0000000624800000, 0x0000000624800000| Untracked 
|  96|0x0000000624c00000, 0x0000000624c00000, 0x0000000625000000|  0%| F|  |TAMS 0x0000000624c00000, 0x0000000624c00000| Untracked 
|  97|0x0000000625000000, 0x0000000625000000, 0x0000000625400000|  0%| F|  |TAMS 0x0000000625000000, 0x0000000625000000| Untracked 
|  98|0x0000000625400000, 0x0000000625400000, 0x0000000625800000|  0%| F|  |TAMS 0x0000000625400000, 0x0000000625400000| Untracked 
|  99|0x0000000625800000, 0x0000000625800000, 0x0000000625c00000|  0%| F|  |TAMS 0x0000000625800000, 0x0000000625800000| Untracked 
| 100|0x0000000625c00000, 0x0000000625c00000, 0x0000000626000000|  0%| F|  |TAMS 0x0000000625c00000, 0x0000000625c00000| Untracked 
| 101|0x0000000626000000, 0x0000000626000000, 0x0000000626400000|  0%| F|  |TAMS 0x0000000626000000, 0x0000000626000000| Untracked 
| 102|0x0000000626400000, 0x0000000626400000, 0x0000000626800000|  0%| F|  |TAMS 0x0000000626400000, 0x0000000626400000| Untracked 
| 103|0x0000000626800000, 0x0000000626800000, 0x0000000626c00000|  0%| F|  |TAMS 0x0000000626800000, 0x0000000626800000| Untracked 
| 104|0x0000000626c00000, 0x0000000626c00000, 0x0000000627000000|  0%| F|  |TAMS 0x0000000626c00000, 0x0000000626c00000| Untracked 
| 105|0x0000000627000000, 0x0000000627000000, 0x0000000627400000|  0%| F|  |TAMS 0x0000000627000000, 0x0000000627000000| Untracked 
| 106|0x0000000627400000, 0x0000000627400000, 0x0000000627800000|  0%| F|  |TAMS 0x0000000627400000, 0x0000000627400000| Untracked 
| 107|0x0000000627800000, 0x0000000627800000, 0x0000000627c00000|  0%| F|  |TAMS 0x0000000627800000, 0x0000000627800000| Untracked 
| 108|0x0000000627c00000, 0x0000000627c00000, 0x0000000628000000|  0%| F|  |TAMS 0x0000000627c00000, 0x0000000627c00000| Untracked 
| 109|0x0000000628000000, 0x0000000628000000, 0x0000000628400000|  0%| F|  |TAMS 0x0000000628000000, 0x0000000628000000| Untracked 
| 110|0x0000000628400000, 0x0000000628400000, 0x0000000628800000|  0%| F|  |TAMS 0x0000000628400000, 0x0000000628400000| Untracked 
| 111|0x0000000628800000, 0x0000000628800000, 0x0000000628c00000|  0%| F|  |TAMS 0x0000000628800000, 0x0000000628800000| Untracked 
| 112|0x0000000628c00000, 0x0000000628c00000, 0x0000000629000000|  0%| F|  |TAMS 0x0000000628c00000, 0x0000000628c00000| Untracked 
| 113|0x0000000629000000, 0x0000000629000000, 0x0000000629400000|  0%| F|  |TAMS 0x0000000629000000, 0x0000000629000000| Untracked 
| 114|0x0000000629400000, 0x0000000629400000, 0x0000000629800000|  0%| F|  |TAMS 0x0000000629400000, 0x0000000629400000| Untracked 
| 115|0x0000000629800000, 0x0000000629800000, 0x0000000629c00000|  0%| F|  |TAMS 0x0000000629800000, 0x0000000629800000| Untracked 
| 116|0x0000000629c00000, 0x0000000629c00000, 0x000000062a000000|  0%| F|  |TAMS 0x0000000629c00000, 0x0000000629c00000| Untracked 
| 117|0x000000062a000000, 0x000000062a000000, 0x000000062a400000|  0%| F|  |TAMS 0x000000062a000000, 0x000000062a000000| Untracked 
| 118|0x000000062a400000, 0x000000062a400000, 0x000000062a800000|  0%| F|  |TAMS 0x000000062a400000, 0x000000062a400000| Untracked 
| 119|0x000000062a800000, 0x000000062a800000, 0x000000062ac00000|  0%| F|  |TAMS 0x000000062a800000, 0x000000062a800000| Untracked 
| 120|0x000000062ac00000, 0x000000062ac00000, 0x000000062b000000|  0%| F|  |TAMS 0x000000062ac00000, 0x000000062ac00000| Untracked 
| 121|0x000000062b000000, 0x000000062b000000, 0x000000062b400000|  0%| F|  |TAMS 0x000000062b000000, 0x000000062b000000| Untracked 
| 122|0x000000062b400000, 0x000000062b66fcd8, 0x000000062b800000| 60%| E|  |TAMS 0x000000062b400000, 0x000000062b400000| Complete 
| 123|0x000000062b800000, 0x000000062bc00000, 0x000000062bc00000|100%| E|CS|TAMS 0x000000062b800000, 0x000000062b800000| Complete 
| 124|0x000000062bc00000, 0x000000062c000000, 0x000000062c000000|100%| E|CS|TAMS 0x000000062bc00000, 0x000000062bc00000| Complete 

Card table byte_map: [0x000002038ffa0000,0x0000020390f40000] _byte_map_base: 0x000002038cf3a000

Marking Bits (Prev, Next): (CMBitMap*) 0x00000203fb9c3cc0, (CMBitMap*) 0x00000203fb9c3d00
 Prev Bits: [0x0000020391ee0000, 0x0000020399bb0000)
 Next Bits: [0x0000020399bb0000, 0x00000203a1880000)

Polling page: 0x00000203fb0e0000

Metaspace:

Usage:
  Non-class:      7.89 MB used.
      Class:    689.66 KB used.
       Both:      8.57 MB used.

Virtual space:
  Non-class space:       64.00 MB reserved,       7.94 MB ( 12%) committed,  1 nodes.
      Class space:        1.00 GB reserved,     768.00 KB ( <1%) committed,  1 nodes.
             Both:        1.06 GB reserved,       8.69 MB ( <1%) committed. 

Chunk freelists:
   Non-Class:  7.53 MB
       Class:  15.16 MB
        Both:  22.69 MB

MaxMetaspaceSize: unlimited
CompressedClassSpaceSize: 1.00 GB
Initial GC threshold: 21.00 MB
Current GC threshold: 21.00 MB
CDS: off
MetaspaceReclaimPolicy: balanced
 - commit_granule_bytes: 65536.
 - commit_granule_words: 8192.
 - virtual_space_node_default_size: 8388608.
 - enlarge_chunks_in_place: 1.
 - new_chunks_are_fully_committed: 0.
 - uncommit_free_chunks: 1.
 - use_allocation_guard: 0.
 - handle_deallocations: 1.


Internal statistics:

num_allocs_failed_limit: 0.
num_arena_births: 6.
num_arena_deaths: 0.
num_vsnodes_births: 2.
num_vsnodes_deaths: 0.
num_space_committed: 139.
num_space_uncommitted: 0.
num_chunks_returned_to_freelist: 0.
num_chunks_taken_from_freelist: 93.
num_chunk_merges: 0.
num_chunk_splits: 72.
num_chunks_enlarged: 67.
num_inconsistent_stats: 0.

CodeHeap 'non-profiled nmethods': size=119168Kb used=95Kb max_used=95Kb free=119072Kb
 bounds [0x0000020387ba0000, 0x0000020387e10000, 0x000002038f000000]
CodeHeap 'profiled nmethods': size=119104Kb used=494Kb max_used=494Kb free=118609Kb
 bounds [0x0000020380000000, 0x0000020380270000, 0x0000020387450000]
CodeHeap 'non-nmethods': size=7488Kb used=2261Kb max_used=2290Kb free=5226Kb
 bounds [0x0000020387450000, 0x00000203876c0000, 0x0000020387ba0000]
 total_blobs=740 nmethods=334 adapters=317
 compilation: enabled
              stopped_count=0, restarted_count=0
 full_count=0

Compilation events (20 events):
Event: 0.132 Thread 0x00000203a414d580 nmethod 322 0x000002038006e810 code [0x000002038006ec20, 0x0000020380071038]
Event: 0.132 Thread 0x00000203a414d580  324   !   3       java.net.URL::<init> (543 bytes)
Event: 0.132 Thread 0x00000203a40eab90  325       3       java.lang.ref.Reference::refersToImpl (6 bytes)
Event: 0.132 Thread 0x00000203a40eab90 nmethod 325 0x0000020380072110 code [0x00000203800722a0, 0x00000203800723e8]
Event: 0.133 Thread 0x00000203a40eab90  328       3       java.lang.ref.PhantomReference::<init> (7 bytes)
Event: 0.133 Thread 0x00000203a471fef0  329       3       java.nio.ByteBuffer::position (8 bytes)
Event: 0.133 Thread 0x00000203a471fef0 nmethod 329 0x0000020380072490 code [0x0000020380072620, 0x0000020380072768]
Event: 0.133 Thread 0x00000203a471fef0  330   !   3       java.util.zip.ZipFile$Source::readFullyAt (74 bytes)
Event: 0.133 Thread 0x00000203a40eab90 nmethod 328 0x0000020380072810 code [0x00000203800729c0, 0x0000020380072cb8]
Event: 0.133 Thread 0x00000203a40eab90  331       3       java.util.jar.JarFile::getManifest (5 bytes)
Event: 0.133 Thread 0x00000203a40eab90 nmethod 331 0x0000020380072d90 code [0x0000020380072f20, 0x0000020380073068]
Event: 0.133 Thread 0x00000203a40eab90  333       3       jdk.internal.ref.PhantomCleanable::<init> (49 bytes)
Event: 0.133 Thread 0x00000203a471fef0 nmethod 330 0x0000020380073110 code [0x0000020380073300, 0x00000203800738e8]
Event: 0.133 Thread 0x00000203a471fef0  334   !   3       jdk.internal.ref.PhantomCleanable::insert (53 bytes)
Event: 0.134 Thread 0x00000203a414d580 nmethod 324 0x0000020380073d10 code [0x00000203800743a0, 0x0000020380077d48]
Event: 0.134 Thread 0x00000203a40eab90 nmethod 333 0x0000020380079e10 code [0x000002038007a060, 0x000002038007abb8]
Event: 0.134 Thread 0x00000203a414d580  335       3       jdk.internal.ref.CleanerFactory::cleaner (4 bytes)
Event: 0.134 Thread 0x00000203a40eab90  332   !   3       java.util.jar.JarFile::getManifestFromReference (197 bytes)
Event: 0.134 Thread 0x00000203a414d580 nmethod 335 0x000002038007af10 code [0x000002038007b0a0, 0x000002038007b198]
Event: 0.134 Thread 0x00000203a471fef0 nmethod 334 0x000002038007b210 code [0x000002038007b3c0, 0x000002038007b758]

GC Heap History (0 events):
No events

Dll operation events (1 events):
Event: 0.003 Loaded shared library C:\Program Files\Android\Android Studio\jbr\bin\java.dll

Deoptimization events (20 events):
Event: 0.059 Thread 0x00000203fb9180f0 DEOPT PACKING pc=0x000002038001a58c sp=0x000000d9b0efd650
Event: 0.059 Thread 0x00000203fb9180f0 DEOPT UNPACKING pc=0x00000203874aace3 sp=0x000000d9b0efcae0 mode 0
Event: 0.059 Thread 0x00000203fb9180f0 DEOPT PACKING pc=0x000002038001a58c sp=0x000000d9b0efd650
Event: 0.059 Thread 0x00000203fb9180f0 DEOPT UNPACKING pc=0x00000203874aace3 sp=0x000000d9b0efcae0 mode 0
Event: 0.059 Thread 0x00000203fb9180f0 DEOPT PACKING pc=0x000002038001a58c sp=0x000000d9b0efd650
Event: 0.059 Thread 0x00000203fb9180f0 DEOPT UNPACKING pc=0x00000203874aace3 sp=0x000000d9b0efcae0 mode 0
Event: 0.059 Thread 0x00000203fb9180f0 DEOPT PACKING pc=0x000002038001a58c sp=0x000000d9b0efd650
Event: 0.059 Thread 0x00000203fb9180f0 DEOPT UNPACKING pc=0x00000203874aace3 sp=0x000000d9b0efcae0 mode 0
Event: 0.059 Thread 0x00000203fb9180f0 DEOPT PACKING pc=0x000002038001a58c sp=0x000000d9b0efd650
Event: 0.059 Thread 0x00000203fb9180f0 DEOPT UNPACKING pc=0x00000203874aace3 sp=0x000000d9b0efcae0 mode 0
Event: 0.059 Thread 0x00000203fb9180f0 DEOPT PACKING pc=0x000002038001a58c sp=0x000000d9b0efd650
Event: 0.059 Thread 0x00000203fb9180f0 DEOPT UNPACKING pc=0x00000203874aace3 sp=0x000000d9b0efcae0 mode 0
Event: 0.077 Thread 0x00000203fb9180f0 Uncommon trap: trap_request=0xffffff45 fr.pc=0x0000020387ba5b50 relative=0x00000000000006f0
Event: 0.077 Thread 0x00000203fb9180f0 Uncommon trap: reason=unstable_if action=reinterpret pc=0x0000020387ba5b50 method=java.util.zip.ZipFile$Source.checkAndAddEntry(II)I @ 50 c2
Event: 0.077 Thread 0x00000203fb9180f0 DEOPT PACKING pc=0x0000020387ba5b50 sp=0x000000d9b0efe230
Event: 0.077 Thread 0x00000203fb9180f0 DEOPT UNPACKING pc=0x00000203874aa1a3 sp=0x000000d9b0efe1a8 mode 2
Event: 0.104 Thread 0x00000203fb9180f0 DEOPT PACKING pc=0x0000020380018667 sp=0x000000d9b0efdff0
Event: 0.104 Thread 0x00000203fb9180f0 DEOPT UNPACKING pc=0x00000203874aace3 sp=0x000000d9b0efd410 mode 0
Event: 0.114 Thread 0x00000203fb9180f0 DEOPT PACKING pc=0x00000203800179d1 sp=0x000000d9b0efdf10
Event: 0.114 Thread 0x00000203fb9180f0 DEOPT UNPACKING pc=0x00000203874aace3 sp=0x000000d9b0efd388 mode 0

Classes unloaded (0 events):
No events

Classes redefined (0 events):
No events

Internal exceptions (0 events):
No events

VM Operations (2 events):
Event: 0.063 Executing VM operation: HandshakeAllThreads
Event: 0.063 Executing VM operation: HandshakeAllThreads done

Events (20 events):
Event: 0.128 loading class java/util/regex/Pattern$CharProperty done
Event: 0.128 loading class java/util/regex/Pattern$BmpCharProperty done
Event: 0.128 loading class java/util/regex/Pattern$Qtype
Event: 0.128 loading class java/util/regex/Pattern$Qtype done
Event: 0.128 loading class java/util/regex/Pattern$BmpCharPropertyGreedy
Event: 0.128 loading class java/util/regex/Pattern$CharPropertyGreedy
Event: 0.128 loading class java/util/regex/Pattern$CharPropertyGreedy done
Event: 0.128 loading class java/util/regex/Pattern$BmpCharPropertyGreedy done
Event: 0.129 loading class java/lang/invoke/DirectMethodHandle$Constructor
Event: 0.129 loading class java/lang/invoke/DirectMethodHandle$Constructor done
Event: 0.129 loading class java/util/regex/Pattern$BnM
Event: 0.129 loading class java/util/regex/Pattern$BnM done
Event: 0.129 loading class java/util/regex/Pattern$Start
Event: 0.129 loading class java/util/regex/Pattern$Start done
Event: 0.129 loading class java/util/regex/Pattern$TreeInfo
Event: 0.129 loading class java/util/regex/Pattern$TreeInfo done
Event: 0.134 loading class java/lang/NoSuchFieldError
Event: 0.134 loading class java/lang/IncompatibleClassChangeError
Event: 0.134 loading class java/lang/IncompatibleClassChangeError done
Event: 0.134 loading class java/lang/NoSuchFieldError done


Dynamic libraries:
0x00007ff67c680000 - 0x00007ff67c68a000 	C:\Program Files\Android\Android Studio\jbr\bin\java.exe
0x00007ff8dbf70000 - 0x00007ff8dc187000 	C:\Windows\SYSTEM32\ntdll.dll
0x00007ff8daa10000 - 0x00007ff8daad4000 	C:\Windows\System32\KERNEL32.DLL
0x00007ff8d9650000 - 0x00007ff8d99f6000 	C:\Windows\System32\KERNELBASE.dll
0x00007ff8d9a80000 - 0x00007ff8d9b91000 	C:\Windows\System32\ucrtbase.dll
0x00007ff8b6be0000 - 0x00007ff8b6bf7000 	C:\Program Files\Android\Android Studio\jbr\bin\jli.dll
0x00007ff8b6870000 - 0x00007ff8b688b000 	C:\Program Files\Android\Android Studio\jbr\bin\VCRUNTIME140.dll
0x00007ff8dabf0000 - 0x00007ff8dad9e000 	C:\Windows\System32\USER32.dll
0x00007ff8d92e0000 - 0x00007ff8d9306000 	C:\Windows\System32\win32u.dll
0x00007ff8c82a0000 - 0x00007ff8c8533000 	C:\Windows\WinSxS\amd64_microsoft.windows.common-controls_6595b64144ccf1df_6.0.22621.2506_none_270c5ae97388e100\COMCTL32.dll
0x00007ff8db310000 - 0x00007ff8db339000 	C:\Windows\System32\GDI32.dll
0x00007ff8db940000 - 0x00007ff8db9e7000 	C:\Windows\System32\msvcrt.dll
0x00007ff8d9ba0000 - 0x00007ff8d9cb8000 	C:\Windows\System32\gdi32full.dll
0x00007ff8d9540000 - 0x00007ff8d95da000 	C:\Windows\System32\msvcp_win.dll
0x00007ff8db3d0000 - 0x00007ff8db401000 	C:\Windows\System32\IMM32.DLL
0x00007ff8b6860000 - 0x00007ff8b686c000 	C:\Program Files\Android\Android Studio\jbr\bin\vcruntime140_1.dll
0x00007ff888320000 - 0x00007ff8883ad000 	C:\Program Files\Android\Android Studio\jbr\bin\msvcp140.dll
0x00007ff875c20000 - 0x00007ff8768a0000 	C:\Program Files\Android\Android Studio\jbr\bin\server\jvm.dll
0x00007ff8dbe70000 - 0x00007ff8dbf21000 	C:\Windows\System32\ADVAPI32.dll
0x00007ff8d9cc0000 - 0x00007ff8d9d65000 	C:\Windows\System32\sechost.dll
0x00007ff8da880000 - 0x00007ff8da997000 	C:\Windows\System32\RPCRT4.dll
0x00007ff8bb720000 - 0x00007ff8bb729000 	C:\Windows\SYSTEM32\WSOCK32.dll
0x00007ff8db8b0000 - 0x00007ff8db921000 	C:\Windows\System32\WS2_32.dll
0x00007ff8ce480000 - 0x00007ff8ce48a000 	C:\Windows\SYSTEM32\VERSION.dll
0x00007ff8d1da0000 - 0x00007ff8d1dd4000 	C:\Windows\SYSTEM32\WINMM.dll
0x00007ff8d8330000 - 0x00007ff8d8348000 	C:\Windows\SYSTEM32\kernel.appcore.dll
0x00007ff8cd710000 - 0x00007ff8cd71a000 	C:\Program Files\Android\Android Studio\jbr\bin\jimage.dll
0x00007ff8d6370000 - 0x00007ff8d65a3000 	C:\Windows\SYSTEM32\DBGHELP.DLL
0x00007ff8dadc0000 - 0x00007ff8db149000 	C:\Windows\System32\combase.dll
0x00007ff8db510000 - 0x00007ff8db5e7000 	C:\Windows\System32\OLEAUT32.dll
0x00007ff8bd9b0000 - 0x00007ff8bd9e2000 	C:\Windows\SYSTEM32\dbgcore.DLL
0x00007ff8d9a00000 - 0x00007ff8d9a7a000 	C:\Windows\System32\bcryptPrimitives.dll
0x00007ff8b6b70000 - 0x00007ff8b6b95000 	C:\Program Files\Android\Android Studio\jbr\bin\java.dll
0x00007ff8be6a0000 - 0x00007ff8be6b8000 	C:\Program Files\Android\Android Studio\jbr\bin\zip.dll
0x00007ff8d9ec0000 - 0x00007ff8da71a000 	C:\Windows\System32\SHELL32.dll
0x00007ff8d71c0000 - 0x00007ff8d7ab6000 	C:\Windows\SYSTEM32\windows.storage.dll
0x00007ff8d7080000 - 0x00007ff8d71be000 	C:\Windows\SYSTEM32\wintypes.dll
0x00007ff8db410000 - 0x00007ff8db503000 	C:\Windows\System32\SHCORE.dll
0x00007ff8da820000 - 0x00007ff8da87e000 	C:\Windows\System32\shlwapi.dll
0x00007ff8d9210000 - 0x00007ff8d9236000 	C:\Windows\SYSTEM32\profapi.dll
0x00007ff8bcbe0000 - 0x00007ff8bcbf9000 	C:\Program Files\Android\Android Studio\jbr\bin\net.dll
0x00007ff8d4060000 - 0x00007ff8d4197000 	C:\Windows\SYSTEM32\WINHTTP.dll
0x00007ff8d8800000 - 0x00007ff8d8869000 	C:\Windows\system32\mswsock.dll
0x00007ff8bb730000 - 0x00007ff8bb746000 	C:\Program Files\Android\Android Studio\jbr\bin\nio.dll

dbghelp: loaded successfully - version: 4.0.5 - missing functions: none
symbol engine: initialized successfully - sym options: 0x614 - pdb path: .;C:\Program Files\Android\Android Studio\jbr\bin;C:\Windows\SYSTEM32;C:\Windows\WinSxS\amd64_microsoft.windows.common-controls_6595b64144ccf1df_6.0.22621.2506_none_270c5ae97388e100;C:\Program Files\Android\Android Studio\jbr\bin\server

VM Arguments:
java_command: org.jetbrains.kotlin.cli.jvm.K2JVMCompiler @D:\Devz\unwired-android\app\build\20240513_2444155645636740617.compiler.options
java_class_path (initial): C:\Users\Harmdhast\.gradle\caches\modules-2\files-2.1\org.jetbrains.kotlin\kotlin-compiler-embeddable\1.9.0\2c8c3a7402becca891f12739b3e9fd2dc2adbd7a\kotlin-compiler-embeddable-1.9.0.jar;C:\Users\Harmdhast\.gradle\caches\modules-2\files-2.1\org.jetbrains.kotlin\kotlin-stdlib\1.9.0\8ee15ef0c67dc83d874f412d84378d7f0eb50b63\kotlin-stdlib-1.9.0.jar;C:\Users\Harmdhast\.gradle\caches\modules-2\files-2.1\org.jetbrains.kotlin\kotlin-script-runtime\1.9.0\4b3102cbbb7e1b58d9d1adf89563f00069ffa7d1\kotlin-script-runtime-1.9.0.jar;C:\Users\Harmdhast\.gradle\caches\modules-2\files-2.1\org.jetbrains.kotlin\kotlin-reflect\1.6.10\1cbe9c92c12a94eea200d23c2bbaedaf3daf5132\kotlin-reflect-1.6.10.jar;C:\Users\Harmdhast\.gradle\caches\modules-2\files-2.1\org.jetbrains.kotlin\kotlin-daemon-embeddable\1.9.0\186543f5e28cf8d9a0290fecc2cf34301c40a65c\kotlin-daemon-embeddable-1.9.0.jar;C:\Users\Harmdhast\.gradle\caches\modules-2\files-2.1\org.jetbrains.intellij.deps\trove4j\1.0.20200330\3afb14d5f9ceb459d724e907a21145e8ff394f02\trove4j-1.0.20200330.jar;C:\Users\Harmdhast\.gradle\caches\modules-2\files-2.1\org.jetbrains.kotlin\kotlin-stdlib-common\1.9.0\cd65c21cfd1eec4d44ef09f9f52b6d9f8a720636\kotlin-stdlib-common-1.9.0.jar;C:\Users\Harmdhast\.gradle\caches\modules-2\files-2.1\org.jetbrains\annotations\13.0\919f0dfe192fb4e063e7dacadee7f8bb9a2672a9\annotations-13.0.jar
Launcher Type: SUN_STANDARD

[Global flags]
     intx CICompilerCount                          = 12                                        {product} {ergonomic}
     uint ConcGCThreads                            = 3                                         {product} {ergonomic}
     uint G1ConcRefinementThreads                  = 13                                        {product} {ergonomic}
   size_t G1HeapRegionSize                         = 4194304                                   {product} {ergonomic}
    uintx GCDrainStackTargetSize                   = 64                                        {product} {ergonomic}
   size_t InitialHeapSize                          = 524288000                                 {product} {ergonomic}
   size_t MarkStackSize                            = 4194304                                   {product} {ergonomic}
   size_t MaxHeapSize                              = 8376025088                                {product} {ergonomic}
   size_t MaxNewSize                               = 5024776192                                {product} {ergonomic}
   size_t MinHeapDeltaBytes                        = 4194304                                   {product} {ergonomic}
   size_t MinHeapSize                              = 8388608                                   {product} {ergonomic}
    uintx NonNMethodCodeHeapSize                   = 7602480                                {pd product} {ergonomic}
    uintx NonProfiledCodeHeapSize                  = 122027880                              {pd product} {ergonomic}
    uintx ProfiledCodeHeapSize                     = 122027880                              {pd product} {ergonomic}
    uintx ReservedCodeCacheSize                    = 251658240                              {pd product} {ergonomic}
     bool SegmentedCodeCache                       = true                                      {product} {ergonomic}
   size_t SoftMaxHeapSize                          = 8376025088                             {manageable} {ergonomic}
     bool UseCompressedClassPointers               = true                           {product lp64_product} {ergonomic}
     bool UseCompressedOops                        = true                           {product lp64_product} {ergonomic}
     bool UseG1GC                                  = true                                      {product} {ergonomic}
     bool UseLargePagesIndividualAllocation        = false                                  {pd product} {ergonomic}

Logging:
Log output configuration:
 #0: stdout all=warning uptime,level,tags
 #1: stderr all=off uptime,level,tags

Environment Variables:
JAVA_HOME=C:\Program Files\Eclipse Adoptium\jre-21.0.1.12-hotspot\
PATH=C:\Python311\Scripts\;C:\Python311\;C:\Program Files\Eclipse Adoptium\jre-8.0.392.8-hotspot\bin;C:\Program Files\Eclipse Adoptium\jre-21.0.1.12-hotspot\bin;C:\Windows\system32;C:\Windows;C:\Windows\System32\Wbem;C:\Windows\System32\WindowsPowerShell\v1.0\;C:\Windows\System32\OpenSSH\;C:\Program Files (x86)\NVIDIA Corporation\PhysX\Common;C:\Program Files\PowerShell\7\;C:\Program Files\dotnet\;C:\ProgramData\chocolatey\bin;C:\Program Files\Microsoft VS Code\bin;C:\Program Files\Git\cmd;C:\Program Files (x86)\Windows Kits\10\Windows Performance Toolkit\;C:\Program Files\nodejs\;C:\Program Files\WireGuard\;C:\Program Files\Docker\Docker\resources\bin;C:\Users\Harmdhast\AppData\Local\Microsoft\WindowsApps;C:\Users\Harmdhast\AppData\Local\Programs\Microsoft VS Code\bin;C:\Users\Harmdhast\AppData\Local\Programs\oh-my-posh\bin;c:\users\harmdhast\.local\bin;c:\users\harmdhast\appdata\roaming\python\python311\scripts;C:\gtk-build\gtk\x64\release\bin;C:\Users\Harmdhast\.dotnet\tools;C:\Users\Harmdhast\AppData\Roaming\npm
USERNAME=Harmdhast
OS=Windows_NT
PROCESSOR_IDENTIFIER=AMD64 Family 25 Model 116 Stepping 1, AuthenticAMD
TMP=C:\Users\HARMDH~1\AppData\Local\Temp
TEMP=C:\Users\HARMDH~1\AppData\Local\Temp


JNI global refs:
JNI global refs: 16, weak refs: 0

JNI global refs memory usage: 843, weak refs: 841

OOME stack traces (most recent first):
Classloader memory used:
